This is pdfTeX, Version 3.141592653-2.6-1.40.23 (TeX Live 2021/W32TeX) (preloaded format=pdflatex 2022.2.13)  13 FEB 2022 20:03
entering extended mode
 restricted \write18 enabled.
 %&-line parsing enabled.
**_main.tex
(./_main.tex
LaTeX2e <2021-11-15> patch level 1
L3 programming layer <2022-02-05> (c:/Users/chofi/AppData/Roaming/TinyTeX/texmf-dist/tex/latex/base/book.cls
Document Class: book 2021/10/04 v1.4n Standard LaTeX document class
(c:/Users/chofi/AppData/Roaming/TinyTeX/texmf-dist/tex/latex/base/bk10.clo
File: bk10.clo 2021/10/04 v1.4n Standard LaTeX file (size option)
)
\c@part=\count185
\c@chapter=\count186
\c@section=\count187
\c@subsection=\count188
\c@subsubsection=\count189
\c@paragraph=\count190
\c@subparagraph=\count191
\c@figure=\count192
\c@table=\count193
\abovecaptionskip=\skip47
\belowcaptionskip=\skip48
\bibindent=\dimen138
) (c:/Users/chofi/AppData/Roaming/TinyTeX/texmf-dist/tex/latex/amsmath/amsmath.sty
Package: amsmath 2021/10/15 v2.17l AMS math features
\@mathmargin=\skip49
For additional information on amsmath, use the `?' option.
(c:/Users/chofi/AppData/Roaming/TinyTeX/texmf-dist/tex/latex/amsmath/amstext.sty
Package: amstext 2021/08/26 v2.01 AMS text
(c:/Users/chofi/AppData/Roaming/TinyTeX/texmf-dist/tex/latex/amsmath/amsgen.sty
File: amsgen.sty 1999/11/30 v2.0 generic functions
\@emptytoks=\toks16
\ex@=\dimen139
)) (c:/Users/chofi/AppData/Roaming/TinyTeX/texmf-dist/tex/latex/amsmath/amsbsy.sty
Package: amsbsy 1999/11/29 v1.2d Bold Symbols
\pmbraise@=\dimen140
) (c:/Users/chofi/AppData/Roaming/TinyTeX/texmf-dist/tex/latex/amsmath/amsopn.sty
Package: amsopn 2021/08/26 v2.02 operator names
)
\inf@bad=\count194
LaTeX Info: Redefining \frac on input line 234.
\uproot@=\count195
\leftroot@=\count196
LaTeX Info: Redefining \overline on input line 399.
\classnum@=\count197
\DOTSCASE@=\count198
LaTeX Info: Redefining \ldots on input line 496.
LaTeX Info: Redefining \dots on input line 499.
LaTeX Info: Redefining \cdots on input line 620.
\Mathstrutbox@=\box50
\strutbox@=\box51
\big@size=\dimen141
LaTeX Font Info:    Redeclaring font encoding OML on input line 743.
LaTeX Font Info:    Redeclaring font encoding OMS on input line 744.
\macc@depth=\count199
\c@MaxMatrixCols=\count266
\dotsspace@=\muskip16
\c@parentequation=\count267
\dspbrk@lvl=\count268
\tag@help=\toks17
\row@=\count269
\column@=\count270
\maxfields@=\count271
\andhelp@=\toks18
\eqnshift@=\dimen142
\alignsep@=\dimen143
\tagshift@=\dimen144
\tagwidth@=\dimen145
\totwidth@=\dimen146
\lineht@=\dimen147
\@envbody=\toks19
\multlinegap=\skip50
\multlinetaggap=\skip51
\mathdisplay@stack=\toks20
LaTeX Info: Redefining \[ on input line 2938.
LaTeX Info: Redefining \] on input line 2939.
) (c:/Users/chofi/AppData/Roaming/TinyTeX/texmf-dist/tex/latex/amsfonts/amssymb.sty
Package: amssymb 2013/01/14 v3.01 AMS font symbols
(c:/Users/chofi/AppData/Roaming/TinyTeX/texmf-dist/tex/latex/amsfonts/amsfonts.sty
Package: amsfonts 2013/01/14 v3.01 Basic AMSFonts support
\symAMSa=\mathgroup4
\symAMSb=\mathgroup5
LaTeX Font Info:    Redeclaring math symbol \hbar on input line 98.
LaTeX Font Info:    Overwriting math alphabet `\mathfrak' in version `bold'
(Font)                  U/euf/m/n --> U/euf/b/n on input line 106.
)) (c:/Users/chofi/AppData/Roaming/TinyTeX/texmf-dist/tex/latex/lm/lmodern.sty
Package: lmodern 2015/05/01 v1.6.1 Latin Modern Fonts
LaTeX Font Info:    Overwriting symbol font `operators' in version `normal'
(Font)                  OT1/cmr/m/n --> OT1/lmr/m/n on input line 22.
LaTeX Font Info:    Overwriting symbol font `letters' in version `normal'
(Font)                  OML/cmm/m/it --> OML/lmm/m/it on input line 23.
LaTeX Font Info:    Overwriting symbol font `symbols' in version `normal'
(Font)                  OMS/cmsy/m/n --> OMS/lmsy/m/n on input line 24.
LaTeX Font Info:    Overwriting symbol font `largesymbols' in version `normal'
(Font)                  OMX/cmex/m/n --> OMX/lmex/m/n on input line 25.
LaTeX Font Info:    Overwriting symbol font `operators' in version `bold'
(Font)                  OT1/cmr/bx/n --> OT1/lmr/bx/n on input line 26.
LaTeX Font Info:    Overwriting symbol font `letters' in version `bold'
(Font)                  OML/cmm/b/it --> OML/lmm/b/it on input line 27.
LaTeX Font Info:    Overwriting symbol font `symbols' in version `bold'
(Font)                  OMS/cmsy/b/n --> OMS/lmsy/b/n on input line 28.
LaTeX Font Info:    Overwriting symbol font `largesymbols' in version `bold'
(Font)                  OMX/cmex/m/n --> OMX/lmex/m/n on input line 29.
LaTeX Font Info:    Overwriting math alphabet `\mathbf' in version `normal'
(Font)                  OT1/cmr/bx/n --> OT1/lmr/bx/n on input line 31.
LaTeX Font Info:    Overwriting math alphabet `\mathsf' in version `normal'
(Font)                  OT1/cmss/m/n --> OT1/lmss/m/n on input line 32.
LaTeX Font Info:    Overwriting math alphabet `\mathit' in version `normal'
(Font)                  OT1/cmr/m/it --> OT1/lmr/m/it on input line 33.
LaTeX Font Info:    Overwriting math alphabet `\mathtt' in version `normal'
(Font)                  OT1/cmtt/m/n --> OT1/lmtt/m/n on input line 34.
LaTeX Font Info:    Overwriting math alphabet `\mathbf' in version `bold'
(Font)                  OT1/cmr/bx/n --> OT1/lmr/bx/n on input line 35.
LaTeX Font Info:    Overwriting math alphabet `\mathsf' in version `bold'
(Font)                  OT1/cmss/bx/n --> OT1/lmss/bx/n on input line 36.
LaTeX Font Info:    Overwriting math alphabet `\mathit' in version `bold'
(Font)                  OT1/cmr/bx/it --> OT1/lmr/bx/it on input line 37.
LaTeX Font Info:    Overwriting math alphabet `\mathtt' in version `bold'
(Font)                  OT1/cmtt/m/n --> OT1/lmtt/m/n on input line 38.
) (c:/Users/chofi/AppData/Roaming/TinyTeX/texmf-dist/tex/generic/iftex/iftex.sty
Package: iftex 2022/02/03 v1.0f TeX engine tests
) (c:/Users/chofi/AppData/Roaming/TinyTeX/texmf-dist/tex/latex/base/fontenc.sty
Package: fontenc 2021/04/29 v2.0v Standard LaTeX package
LaTeX Font Info:    Trying to load font information for T1+lmr on input line 112.
(c:/Users/chofi/AppData/Roaming/TinyTeX/texmf-dist/tex/latex/lm/t1lmr.fd
File: t1lmr.fd 2015/05/01 v1.6.1 Font defs for Latin Modern
)) (c:/Users/chofi/AppData/Roaming/TinyTeX/texmf-dist/tex/latex/base/inputenc.sty
Package: inputenc 2021/02/14 v1.3d Input encoding file
\inpenc@prehook=\toks21
\inpenc@posthook=\toks22
) (c:/Users/chofi/AppData/Roaming/TinyTeX/texmf-dist/tex/latex/base/textcomp.sty
Package: textcomp 2020/02/02 v2.0n Standard LaTeX package
) (c:/Users/chofi/AppData/Roaming/TinyTeX/texmf-dist/tex/latex/xcolor/xcolor.sty
Package: xcolor 2021/10/31 v2.13 LaTeX color extensions (UK)
(c:/Users/chofi/AppData/Roaming/TinyTeX/texmf-dist/tex/latex/graphics-cfg/color.cfg
File: color.cfg 2016/01/02 v1.6 sample color configuration
)
Package xcolor Info: Driver file: pdftex.def on input line 227.
(c:/Users/chofi/AppData/Roaming/TinyTeX/texmf-dist/tex/latex/graphics-def/pdftex.def
File: pdftex.def 2020/10/05 v1.2a Graphics/color driver for pdftex
)
Package xcolor Info: Model `cmy' substituted by `cmy0' on input line 1352.
Package xcolor Info: Model `hsb' substituted by `rgb' on input line 1356.
Package xcolor Info: Model `RGB' extended on input line 1368.
Package xcolor Info: Model `HTML' substituted by `rgb' on input line 1370.
Package xcolor Info: Model `Hsb' substituted by `hsb' on input line 1371.
Package xcolor Info: Model `tHsb' substituted by `hsb' on input line 1372.
Package xcolor Info: Model `HSB' substituted by `hsb' on input line 1373.
Package xcolor Info: Model `Gray' substituted by `gray' on input line 1374.
Package xcolor Info: Model `wave' substituted by `hsb' on input line 1375.
) (c:/Users/chofi/AppData/Roaming/TinyTeX/texmf-dist/tex/latex/hyperref/hyperref.sty
Package: hyperref 2021-06-07 v7.00m Hypertext links for LaTeX
(c:/Users/chofi/AppData/Roaming/TinyTeX/texmf-dist/tex/generic/ltxcmds/ltxcmds.sty
Package: ltxcmds 2020-05-10 v1.25 LaTeX kernel commands for general use (HO)
) (c:/Users/chofi/AppData/Roaming/TinyTeX/texmf-dist/tex/generic/pdftexcmds/pdftexcmds.sty
Package: pdftexcmds 2020-06-27 v0.33 Utility functions of pdfTeX for LuaTeX (HO)
(c:/Users/chofi/AppData/Roaming/TinyTeX/texmf-dist/tex/generic/infwarerr/infwarerr.sty
Package: infwarerr 2019/12/03 v1.5 Providing info/warning/error messages (HO)
)
Package pdftexcmds Info: \pdf@primitive is available.
Package pdftexcmds Info: \pdf@ifprimitive is available.
Package pdftexcmds Info: \pdfdraftmode found.
) (c:/Users/chofi/AppData/Roaming/TinyTeX/texmf-dist/tex/latex/graphics/keyval.sty
Package: keyval 2014/10/28 v1.15 key=value parser (DPC)
\KV@toks@=\toks23
) (c:/Users/chofi/AppData/Roaming/TinyTeX/texmf-dist/tex/generic/kvsetkeys/kvsetkeys.sty
Package: kvsetkeys 2019/12/15 v1.18 Key value parser (HO)
) (c:/Users/chofi/AppData/Roaming/TinyTeX/texmf-dist/tex/generic/kvdefinekeys/kvdefinekeys.sty
Package: kvdefinekeys 2019-12-19 v1.6 Define keys (HO)
) (c:/Users/chofi/AppData/Roaming/TinyTeX/texmf-dist/tex/generic/pdfescape/pdfescape.sty
Package: pdfescape 2019/12/09 v1.15 Implements pdfTeX's escape features (HO)
) (c:/Users/chofi/AppData/Roaming/TinyTeX/texmf-dist/tex/latex/hycolor/hycolor.sty
Package: hycolor 2020-01-27 v1.10 Color options for hyperref/bookmark (HO)
) (c:/Users/chofi/AppData/Roaming/TinyTeX/texmf-dist/tex/latex/letltxmacro/letltxmacro.sty
Package: letltxmacro 2019/12/03 v1.6 Let assignment for LaTeX macros (HO)
) (c:/Users/chofi/AppData/Roaming/TinyTeX/texmf-dist/tex/latex/auxhook/auxhook.sty
Package: auxhook 2019-12-17 v1.6 Hooks for auxiliary files (HO)
) (c:/Users/chofi/AppData/Roaming/TinyTeX/texmf-dist/tex/latex/kvoptions/kvoptions.sty
Package: kvoptions 2020-10-07 v3.14 Key value format for package options (HO)
)
\@linkdim=\dimen148
\Hy@linkcounter=\count272
\Hy@pagecounter=\count273
(c:/Users/chofi/AppData/Roaming/TinyTeX/texmf-dist/tex/latex/hyperref/pd1enc.def
File: pd1enc.def 2021-06-07 v7.00m Hyperref: PDFDocEncoding definition (HO)
Now handling font encoding PD1 ...
... no UTF-8 mapping file for font encoding PD1
) (c:/Users/chofi/AppData/Roaming/TinyTeX/texmf-dist/tex/latex/hyperref/hyperref-langpatches.def
File: hyperref-langpatches.def 2021-06-07 v7.00m Hyperref: patches for babel languages
) (c:/Users/chofi/AppData/Roaming/TinyTeX/texmf-dist/tex/generic/intcalc/intcalc.sty
Package: intcalc 2019/12/15 v1.3 Expandable calculations with integers (HO)
) (c:/Users/chofi/AppData/Roaming/TinyTeX/texmf-dist/tex/generic/etexcmds/etexcmds.sty
Package: etexcmds 2019/12/15 v1.7 Avoid name clashes with e-TeX commands (HO)
)
\Hy@SavedSpaceFactor=\count274
(c:/Users/chofi/AppData/Roaming/TinyTeX/texmf-dist/tex/latex/hyperref/puenc.def
File: puenc.def 2021-06-07 v7.00m Hyperref: PDF Unicode definition (HO)
Now handling font encoding PU ...
... no UTF-8 mapping file for font encoding PU
)
Package hyperref Info: Option `unicode' set `true' on input line 4073.
Package hyperref Info: Hyper figures OFF on input line 4192.
Package hyperref Info: Link nesting OFF on input line 4197.
Package hyperref Info: Hyper index ON on input line 4200.
Package hyperref Info: Plain pages OFF on input line 4207.
Package hyperref Info: Backreferencing OFF on input line 4212.
Package hyperref Info: Implicit mode ON; LaTeX internals redefined.
Package hyperref Info: Bookmarks ON on input line 4445.
\c@Hy@tempcnt=\count275
(c:/Users/chofi/AppData/Roaming/TinyTeX/texmf-dist/tex/latex/url/url.sty
\Urlmuskip=\muskip17
Package: url 2013/09/16  ver 3.4  Verb mode for urls, etc.
)
LaTeX Info: Redefining \url on input line 4804.
\XeTeXLinkMargin=\dimen149
(c:/Users/chofi/AppData/Roaming/TinyTeX/texmf-dist/tex/generic/bitset/bitset.sty
Package: bitset 2019/12/09 v1.3 Handle bit-vector datatype (HO)
(c:/Users/chofi/AppData/Roaming/TinyTeX/texmf-dist/tex/generic/bigintcalc/bigintcalc.sty
Package: bigintcalc 2019/12/15 v1.5 Expandable calculations on big integers (HO)
))
\Fld@menulength=\count276
\Field@Width=\dimen150
\Fld@charsize=\dimen151
Package hyperref Info: Hyper figures OFF on input line 6076.
Package hyperref Info: Link nesting OFF on input line 6081.
Package hyperref Info: Hyper index ON on input line 6084.
Package hyperref Info: backreferencing OFF on input line 6091.
Package hyperref Info: Link coloring OFF on input line 6096.
Package hyperref Info: Link coloring with OCG OFF on input line 6101.
Package hyperref Info: PDF/A mode OFF on input line 6106.
LaTeX Info: Redefining \ref on input line 6146.
LaTeX Info: Redefining \pageref on input line 6150.
(c:/Users/chofi/AppData/Roaming/TinyTeX/texmf-dist/tex/latex/base/atbegshi-ltx.sty
Package: atbegshi-ltx 2021/01/10 v1.0c Emulation of the original atbegshi
package with kernel methods
)
\Hy@abspage=\count277
\c@Item=\count278
\c@Hfootnote=\count279
)
Package hyperref Info: Driver (autodetected): hpdftex.
(c:/Users/chofi/AppData/Roaming/TinyTeX/texmf-dist/tex/latex/hyperref/hpdftex.def
File: hpdftex.def 2021-06-07 v7.00m Hyperref driver for pdfTeX
(c:/Users/chofi/AppData/Roaming/TinyTeX/texmf-dist/tex/latex/base/atveryend-ltx.sty
Package: atveryend-ltx 2020/08/19 v1.0a Emulation of the original atveryend package
with kernel methods
)
\Fld@listcount=\count280
\c@bookmark@seq@number=\count281
(c:/Users/chofi/AppData/Roaming/TinyTeX/texmf-dist/tex/latex/rerunfilecheck/rerunfilecheck.sty
Package: rerunfilecheck 2019/12/05 v1.9 Rerun checks for auxiliary files (HO)
(c:/Users/chofi/AppData/Roaming/TinyTeX/texmf-dist/tex/generic/uniquecounter/uniquecounter.sty
Package: uniquecounter 2019/12/15 v1.4 Provide unlimited unique counter (HO)
)
Package uniquecounter Info: New unique counter `rerunfilecheck' on input line 286.
)
\Hy@SectionHShift=\skip52
) (c:/Users/chofi/AppData/Roaming/TinyTeX/texmf-dist/tex/latex/geometry/geometry.sty
Package: geometry 2020/01/02 v5.9 Page Geometry
(c:/Users/chofi/AppData/Roaming/TinyTeX/texmf-dist/tex/generic/iftex/ifvtex.sty
Package: ifvtex 2019/10/25 v1.7 ifvtex legacy package. Use iftex instead.
)
\Gm@cnth=\count282
\Gm@cntv=\count283
\c@Gm@tempcnt=\count284
\Gm@bindingoffset=\dimen152
\Gm@wd@mp=\dimen153
\Gm@odd@mp=\dimen154
\Gm@even@mp=\dimen155
\Gm@layoutwidth=\dimen156
\Gm@layoutheight=\dimen157
\Gm@layouthoffset=\dimen158
\Gm@layoutvoffset=\dimen159
\Gm@dimlist=\toks24
) (c:/Users/chofi/AppData/Roaming/TinyTeX/texmf-dist/tex/latex/fancyvrb/fancyvrb.sty
Package: fancyvrb 2021/12/21 4.1b verbatim text (tvz,hv)
\FV@CodeLineNo=\count285
\FV@InFile=\read2
\FV@TabBox=\box52
\c@FancyVerbLine=\count286
\FV@StepNumber=\count287
\FV@OutFile=\write3
) (c:/Users/chofi/AppData/Roaming/TinyTeX/texmf-dist/tex/latex/framed/framed.sty
Package: framed 2011/10/22 v 0.96: framed or shaded text with page breaks
\OuterFrameSep=\skip53
\fb@frw=\dimen160
\fb@frh=\dimen161
\FrameRule=\dimen162
\FrameSep=\dimen163
) (c:/Users/chofi/AppData/Roaming/TinyTeX/texmf-dist/tex/latex/tools/longtable.sty
Package: longtable 2021-09-01 v4.17 Multi-page Table package (DPC)
\LTleft=\skip54
\LTright=\skip55
\LTpre=\skip56
\LTpost=\skip57
\LTchunksize=\count288
\LTcapwidth=\dimen164
\LT@head=\box53
\LT@firsthead=\box54
\LT@foot=\box55
\LT@lastfoot=\box56
\LT@gbox=\box57
\LT@cols=\count289
\LT@rows=\count290
\c@LT@tables=\count291
\c@LT@chunks=\count292
\LT@p@ftn=\toks25
) (c:/Users/chofi/AppData/Roaming/TinyTeX/texmf-dist/tex/latex/booktabs/booktabs.sty
Package: booktabs 2020/01/12 v1.61803398 Publication quality tables
\heavyrulewidth=\dimen165
\lightrulewidth=\dimen166
\cmidrulewidth=\dimen167
\belowrulesep=\dimen168
\belowbottomsep=\dimen169
\aboverulesep=\dimen170
\abovetopsep=\dimen171
\cmidrulesep=\dimen172
\cmidrulekern=\dimen173
\defaultaddspace=\dimen174
\@cmidla=\count293
\@cmidlb=\count294
\@aboverulesep=\dimen175
\@belowrulesep=\dimen176
\@thisruleclass=\count295
\@lastruleclass=\count296
\@thisrulewidth=\dimen177
) (c:/Users/chofi/AppData/Roaming/TinyTeX/texmf-dist/tex/latex/tools/array.sty
Package: array 2021/10/04 v2.5f Tabular extension package (FMi)
\col@sep=\dimen178
\ar@mcellbox=\box58
\extrarowheight=\dimen179
\NC@list=\toks26
\extratabsurround=\skip58
\backup@length=\skip59
\ar@cellbox=\box59
) (c:/Users/chofi/AppData/Roaming/TinyTeX/texmf-dist/tex/latex/tools/calc.sty
Package: calc 2017/05/25 v4.3 Infix arithmetic (KKT,FJ)
\calc@Acount=\count297
\calc@Bcount=\count298
\calc@Adimen=\dimen180
\calc@Bdimen=\dimen181
\calc@Askip=\skip60
\calc@Bskip=\skip61
LaTeX Info: Redefining \setlength on input line 80.
LaTeX Info: Redefining \addtolength on input line 81.
\calc@Ccount=\count299
\calc@Cskip=\skip62
) (c:/Users/chofi/AppData/Roaming/TinyTeX/texmf-dist/tex/latex/etoolbox/etoolbox.sty
Package: etoolbox 2020/10/05 v2.5k e-TeX tools for LaTeX (JAW)
\etb@tempcnta=\count300
) (c:/Users/chofi/AppData/Roaming/TinyTeX/texmf-dist/tex/latex/mdwtools/footnote.sty
Package: footnote 1997/01/28 1.13 Save footnotes around boxes
\fn@notes=\box60
\fn@width=\dimen182
) (c:/Users/chofi/AppData/Roaming/TinyTeX/texmf-dist/tex/latex/graphics/graphicx.sty
Package: graphicx 2021/09/16 v1.2d Enhanced LaTeX Graphics (DPC,SPQR)
(c:/Users/chofi/AppData/Roaming/TinyTeX/texmf-dist/tex/latex/graphics/graphics.sty
Package: graphics 2021/03/04 v1.4d Standard LaTeX Graphics (DPC,SPQR)
(c:/Users/chofi/AppData/Roaming/TinyTeX/texmf-dist/tex/latex/graphics/trig.sty
Package: trig 2021/08/11 v1.11 sin cos tan (DPC)
) (c:/Users/chofi/AppData/Roaming/TinyTeX/texmf-dist/tex/latex/graphics-cfg/graphics.cfg
File: graphics.cfg 2016/06/04 v1.11 sample graphics configuration
)
Package graphics Info: Driver file: pdftex.def on input line 107.
)
\Gin@req@height=\dimen183
\Gin@req@width=\dimen184
) (c:/Users/chofi/AppData/Roaming/TinyTeX/texmf-dist/tex/latex/base/fontenc.sty
Package: fontenc 2021/04/29 v2.0v Standard LaTeX package
) (c:/Users/chofi/AppData/Roaming/TinyTeX/texmf-dist/tex/generic/babel/babel.sty
Package: babel 2022/01/26 3.70 The Babel package
\babel@savecnt=\count301
\U@D=\dimen185
\l@unhyphenated=\language4
(c:/Users/chofi/AppData/Roaming/TinyTeX/texmf-dist/tex/generic/babel/txtbabel.def)
\bbl@readstream=\read3
\bbl@dirlevel=\count302
(c:/Users/chofi/AppData/Roaming/TinyTeX/texmf-dist/tex/generic/babel-spanish/spanish.ldf
Language: spanish.ldf 2021/05/27 v5.0q Spanish support from the babel system
\es@quottoks=\toks27
\es@quotdepth=\count303
Package babel Info: Making " an active character on input line 570.
Package babel Info: Making < an active character on input line 722.
Package babel Info: Making > an active character on input line 722.
)) (c:/Users/chofi/AppData/Roaming/TinyTeX/texmf-dist/tex/latex/pgf/frontendlayer/tikz.sty (c:/Users/chofi/AppData/Roaming/TinyTeX/texmf-dist/tex/latex/pgf/basiclayer/pgf.sty (c:/Users/chofi/AppData/Roaming/TinyTeX/texmf-dist/tex/latex/pgf/utilities/pgfrcs.sty (c:/Users/chofi/AppData/Roaming/TinyTeX/texmf-dist/tex/generic/pgf/utilities/pgfutil-common.tex
\pgfutil@everybye=\toks28
\pgfutil@tempdima=\dimen186
\pgfutil@tempdimb=\dimen187
(c:/Users/chofi/AppData/Roaming/TinyTeX/texmf-dist/tex/generic/pgf/utilities/pgfutil-common-lists.tex)) (c:/Users/chofi/AppData/Roaming/TinyTeX/texmf-dist/tex/generic/pgf/utilities/pgfutil-latex.def
\pgfutil@abb=\box61
) (c:/Users/chofi/AppData/Roaming/TinyTeX/texmf-dist/tex/generic/pgf/utilities/pgfrcs.code.tex (c:/Users/chofi/AppData/Roaming/TinyTeX/texmf-dist/tex/generic/pgf/pgf.revision.tex)
Package: pgfrcs 2021/05/15 v3.1.9a (3.1.9a)
))
Package: pgf 2021/05/15 v3.1.9a (3.1.9a)
(c:/Users/chofi/AppData/Roaming/TinyTeX/texmf-dist/tex/latex/pgf/basiclayer/pgfcore.sty (c:/Users/chofi/AppData/Roaming/TinyTeX/texmf-dist/tex/latex/pgf/systemlayer/pgfsys.sty (c:/Users/chofi/AppData/Roaming/TinyTeX/texmf-dist/tex/generic/pgf/systemlayer/pgfsys.code.tex
Package: pgfsys 2021/05/15 v3.1.9a (3.1.9a)
(c:/Users/chofi/AppData/Roaming/TinyTeX/texmf-dist/tex/generic/pgf/utilities/pgfkeys.code.tex
\pgfkeys@pathtoks=\toks29
\pgfkeys@temptoks=\toks30
(c:/Users/chofi/AppData/Roaming/TinyTeX/texmf-dist/tex/generic/pgf/utilities/pgfkeysfiltered.code.tex
\pgfkeys@tmptoks=\toks31
))
\pgf@x=\dimen188
\pgf@y=\dimen189
\pgf@xa=\dimen190
\pgf@ya=\dimen191
\pgf@xb=\dimen192
\pgf@yb=\dimen193
\pgf@xc=\dimen194
\pgf@yc=\dimen195
\pgf@xd=\dimen196
\pgf@yd=\dimen197
\w@pgf@writea=\write4
\r@pgf@reada=\read4
\c@pgf@counta=\count304
\c@pgf@countb=\count305
\c@pgf@countc=\count306
\c@pgf@countd=\count307
\t@pgf@toka=\toks32
\t@pgf@tokb=\toks33
\t@pgf@tokc=\toks34
\pgf@sys@id@count=\count308
(c:/Users/chofi/AppData/Roaming/TinyTeX/texmf-dist/tex/generic/pgf/systemlayer/pgf.cfg
File: pgf.cfg 2021/05/15 v3.1.9a (3.1.9a)
)
Driver file for pgf: pgfsys-pdftex.def
(c:/Users/chofi/AppData/Roaming/TinyTeX/texmf-dist/tex/generic/pgf/systemlayer/pgfsys-pdftex.def
File: pgfsys-pdftex.def 2021/05/15 v3.1.9a (3.1.9a)
(c:/Users/chofi/AppData/Roaming/TinyTeX/texmf-dist/tex/generic/pgf/systemlayer/pgfsys-common-pdf.def
File: pgfsys-common-pdf.def 2021/05/15 v3.1.9a (3.1.9a)
))) (c:/Users/chofi/AppData/Roaming/TinyTeX/texmf-dist/tex/generic/pgf/systemlayer/pgfsyssoftpath.code.tex
File: pgfsyssoftpath.code.tex 2021/05/15 v3.1.9a (3.1.9a)
\pgfsyssoftpath@smallbuffer@items=\count309
\pgfsyssoftpath@bigbuffer@items=\count310
) (c:/Users/chofi/AppData/Roaming/TinyTeX/texmf-dist/tex/generic/pgf/systemlayer/pgfsysprotocol.code.tex
File: pgfsysprotocol.code.tex 2021/05/15 v3.1.9a (3.1.9a)
)) (c:/Users/chofi/AppData/Roaming/TinyTeX/texmf-dist/tex/generic/pgf/basiclayer/pgfcore.code.tex
Package: pgfcore 2021/05/15 v3.1.9a (3.1.9a)
(c:/Users/chofi/AppData/Roaming/TinyTeX/texmf-dist/tex/generic/pgf/math/pgfmath.code.tex (c:/Users/chofi/AppData/Roaming/TinyTeX/texmf-dist/tex/generic/pgf/math/pgfmathcalc.code.tex (c:/Users/chofi/AppData/Roaming/TinyTeX/texmf-dist/tex/generic/pgf/math/pgfmathutil.code.tex) (c:/Users/chofi/AppData/Roaming/TinyTeX/texmf-dist/tex/generic/pgf/math/pgfmathparser.code.tex
\pgfmath@dimen=\dimen198
\pgfmath@count=\count311
\pgfmath@box=\box62
\pgfmath@toks=\toks35
\pgfmath@stack@operand=\toks36
\pgfmath@stack@operation=\toks37
) (c:/Users/chofi/AppData/Roaming/TinyTeX/texmf-dist/tex/generic/pgf/math/pgfmathfunctions.code.tex (c:/Users/chofi/AppData/Roaming/TinyTeX/texmf-dist/tex/generic/pgf/math/pgfmathfunctions.basic.code.tex) (c:/Users/chofi/AppData/Roaming/TinyTeX/texmf-dist/tex/generic/pgf/math/pgfmathfunctions.trigonometric.code.tex) (c:/Users/chofi/AppData/Roaming/TinyTeX/texmf-dist/tex/generic/pgf/math/pgfmathfunctions.random.code.tex) (c:/Users/chofi/AppData/Roaming/TinyTeX/texmf-dist/tex/generic/pgf/math/pgfmathfunctions.comparison.code.tex) (c:/Users/chofi/AppData/Roaming/TinyTeX/texmf-dist/tex/generic/pgf/math/pgfmathfunctions.base.code.tex) (c:/Users/chofi/AppData/Roaming/TinyTeX/texmf-dist/tex/generic/pgf/math/pgfmathfunctions.round.code.tex) (c:/Users/chofi/AppData/Roaming/TinyTeX/texmf-dist/tex/generic/pgf/math/pgfmathfunctions.misc.code.tex) (c:/Users/chofi/AppData/Roaming/TinyTeX/texmf-dist/tex/generic/pgf/math/pgfmathfunctions.integerarithmetics.code.tex))) (c:/Users/chofi/AppData/Roaming/TinyTeX/texmf-dist/tex/generic/pgf/math/pgfmathfloat.code.tex
\c@pgfmathroundto@lastzeros=\count312
)) (c:/Users/chofi/AppData/Roaming/TinyTeX/texmf-dist/tex/generic/pgf/math/pgfint.code.tex) (c:/Users/chofi/AppData/Roaming/TinyTeX/texmf-dist/tex/generic/pgf/basiclayer/pgfcorepoints.code.tex
File: pgfcorepoints.code.tex 2021/05/15 v3.1.9a (3.1.9a)
\pgf@picminx=\dimen199
\pgf@picmaxx=\dimen256
\pgf@picminy=\dimen257
\pgf@picmaxy=\dimen258
\pgf@pathminx=\dimen259
\pgf@pathmaxx=\dimen260
\pgf@pathminy=\dimen261
\pgf@pathmaxy=\dimen262
\pgf@xx=\dimen263
\pgf@xy=\dimen264
\pgf@yx=\dimen265
\pgf@yy=\dimen266
\pgf@zx=\dimen267
\pgf@zy=\dimen268
) (c:/Users/chofi/AppData/Roaming/TinyTeX/texmf-dist/tex/generic/pgf/basiclayer/pgfcorepathconstruct.code.tex
File: pgfcorepathconstruct.code.tex 2021/05/15 v3.1.9a (3.1.9a)
\pgf@path@lastx=\dimen269
\pgf@path@lasty=\dimen270
) (c:/Users/chofi/AppData/Roaming/TinyTeX/texmf-dist/tex/generic/pgf/basiclayer/pgfcorepathusage.code.tex
File: pgfcorepathusage.code.tex 2021/05/15 v3.1.9a (3.1.9a)
\pgf@shorten@end@additional=\dimen271
\pgf@shorten@start@additional=\dimen272
) (c:/Users/chofi/AppData/Roaming/TinyTeX/texmf-dist/tex/generic/pgf/basiclayer/pgfcorescopes.code.tex
File: pgfcorescopes.code.tex 2021/05/15 v3.1.9a (3.1.9a)
\pgfpic=\box63
\pgf@hbox=\box64
\pgf@layerbox@main=\box65
\pgf@picture@serial@count=\count313
) (c:/Users/chofi/AppData/Roaming/TinyTeX/texmf-dist/tex/generic/pgf/basiclayer/pgfcoregraphicstate.code.tex
File: pgfcoregraphicstate.code.tex 2021/05/15 v3.1.9a (3.1.9a)
\pgflinewidth=\dimen273
) (c:/Users/chofi/AppData/Roaming/TinyTeX/texmf-dist/tex/generic/pgf/basiclayer/pgfcoretransformations.code.tex
File: pgfcoretransformations.code.tex 2021/05/15 v3.1.9a (3.1.9a)
\pgf@pt@x=\dimen274
\pgf@pt@y=\dimen275
\pgf@pt@temp=\dimen276
) (c:/Users/chofi/AppData/Roaming/TinyTeX/texmf-dist/tex/generic/pgf/basiclayer/pgfcorequick.code.tex
File: pgfcorequick.code.tex 2021/05/15 v3.1.9a (3.1.9a)
) (c:/Users/chofi/AppData/Roaming/TinyTeX/texmf-dist/tex/generic/pgf/basiclayer/pgfcoreobjects.code.tex
File: pgfcoreobjects.code.tex 2021/05/15 v3.1.9a (3.1.9a)
) (c:/Users/chofi/AppData/Roaming/TinyTeX/texmf-dist/tex/generic/pgf/basiclayer/pgfcorepathprocessing.code.tex
File: pgfcorepathprocessing.code.tex 2021/05/15 v3.1.9a (3.1.9a)
) (c:/Users/chofi/AppData/Roaming/TinyTeX/texmf-dist/tex/generic/pgf/basiclayer/pgfcorearrows.code.tex
File: pgfcorearrows.code.tex 2021/05/15 v3.1.9a (3.1.9a)
\pgfarrowsep=\dimen277
) (c:/Users/chofi/AppData/Roaming/TinyTeX/texmf-dist/tex/generic/pgf/basiclayer/pgfcoreshade.code.tex
File: pgfcoreshade.code.tex 2021/05/15 v3.1.9a (3.1.9a)
\pgf@max=\dimen278
\pgf@sys@shading@range@num=\count314
\pgf@shadingcount=\count315
) (c:/Users/chofi/AppData/Roaming/TinyTeX/texmf-dist/tex/generic/pgf/basiclayer/pgfcoreimage.code.tex
File: pgfcoreimage.code.tex 2021/05/15 v3.1.9a (3.1.9a)
(c:/Users/chofi/AppData/Roaming/TinyTeX/texmf-dist/tex/generic/pgf/basiclayer/pgfcoreexternal.code.tex
File: pgfcoreexternal.code.tex 2021/05/15 v3.1.9a (3.1.9a)
\pgfexternal@startupbox=\box66
)) (c:/Users/chofi/AppData/Roaming/TinyTeX/texmf-dist/tex/generic/pgf/basiclayer/pgfcorelayers.code.tex
File: pgfcorelayers.code.tex 2021/05/15 v3.1.9a (3.1.9a)
) (c:/Users/chofi/AppData/Roaming/TinyTeX/texmf-dist/tex/generic/pgf/basiclayer/pgfcoretransparency.code.tex
File: pgfcoretransparency.code.tex 2021/05/15 v3.1.9a (3.1.9a)
) (c:/Users/chofi/AppData/Roaming/TinyTeX/texmf-dist/tex/generic/pgf/basiclayer/pgfcorepatterns.code.tex
File: pgfcorepatterns.code.tex 2021/05/15 v3.1.9a (3.1.9a)
) (c:/Users/chofi/AppData/Roaming/TinyTeX/texmf-dist/tex/generic/pgf/basiclayer/pgfcorerdf.code.tex
File: pgfcorerdf.code.tex 2021/05/15 v3.1.9a (3.1.9a)
))) (c:/Users/chofi/AppData/Roaming/TinyTeX/texmf-dist/tex/generic/pgf/modules/pgfmoduleshapes.code.tex
File: pgfmoduleshapes.code.tex 2021/05/15 v3.1.9a (3.1.9a)
\pgfnodeparttextbox=\box67
) (c:/Users/chofi/AppData/Roaming/TinyTeX/texmf-dist/tex/generic/pgf/modules/pgfmoduleplot.code.tex
File: pgfmoduleplot.code.tex 2021/05/15 v3.1.9a (3.1.9a)
) (c:/Users/chofi/AppData/Roaming/TinyTeX/texmf-dist/tex/latex/pgf/compatibility/pgfcomp-version-0-65.sty
Package: pgfcomp-version-0-65 2021/05/15 v3.1.9a (3.1.9a)
\pgf@nodesepstart=\dimen279
\pgf@nodesepend=\dimen280
) (c:/Users/chofi/AppData/Roaming/TinyTeX/texmf-dist/tex/latex/pgf/compatibility/pgfcomp-version-1-18.sty
Package: pgfcomp-version-1-18 2021/05/15 v3.1.9a (3.1.9a)
)) (c:/Users/chofi/AppData/Roaming/TinyTeX/texmf-dist/tex/latex/pgf/utilities/pgffor.sty (c:/Users/chofi/AppData/Roaming/TinyTeX/texmf-dist/tex/latex/pgf/utilities/pgfkeys.sty (c:/Users/chofi/AppData/Roaming/TinyTeX/texmf-dist/tex/generic/pgf/utilities/pgfkeys.code.tex)) (c:/Users/chofi/AppData/Roaming/TinyTeX/texmf-dist/tex/latex/pgf/math/pgfmath.sty (c:/Users/chofi/AppData/Roaming/TinyTeX/texmf-dist/tex/generic/pgf/math/pgfmath.code.tex)) (c:/Users/chofi/AppData/Roaming/TinyTeX/texmf-dist/tex/generic/pgf/utilities/pgffor.code.tex
Package: pgffor 2021/05/15 v3.1.9a (3.1.9a)
(c:/Users/chofi/AppData/Roaming/TinyTeX/texmf-dist/tex/generic/pgf/math/pgfmath.code.tex)
\pgffor@iter=\dimen281
\pgffor@skip=\dimen282
\pgffor@stack=\toks38
\pgffor@toks=\toks39
)) (c:/Users/chofi/AppData/Roaming/TinyTeX/texmf-dist/tex/generic/pgf/frontendlayer/tikz/tikz.code.tex
Package: tikz 2021/05/15 v3.1.9a (3.1.9a)
(c:/Users/chofi/AppData/Roaming/TinyTeX/texmf-dist/tex/generic/pgf/libraries/pgflibraryplothandlers.code.tex
File: pgflibraryplothandlers.code.tex 2021/05/15 v3.1.9a (3.1.9a)
\pgf@plot@mark@count=\count316
\pgfplotmarksize=\dimen283
)
\tikz@lastx=\dimen284
\tikz@lasty=\dimen285
\tikz@lastxsaved=\dimen286
\tikz@lastysaved=\dimen287
\tikz@lastmovetox=\dimen288
\tikz@lastmovetoy=\dimen289
\tikzleveldistance=\dimen290
\tikzsiblingdistance=\dimen291
\tikz@figbox=\box68
\tikz@figbox@bg=\box69
\tikz@tempbox=\box70
\tikz@tempbox@bg=\box71
\tikztreelevel=\count317
\tikznumberofchildren=\count318
\tikznumberofcurrentchild=\count319
\tikz@fig@count=\count320
(c:/Users/chofi/AppData/Roaming/TinyTeX/texmf-dist/tex/generic/pgf/modules/pgfmodulematrix.code.tex
File: pgfmodulematrix.code.tex 2021/05/15 v3.1.9a (3.1.9a)
\pgfmatrixcurrentrow=\count321
\pgfmatrixcurrentcolumn=\count322
\pgf@matrix@numberofcolumns=\count323
)
\tikz@expandcount=\count324
(c:/Users/chofi/AppData/Roaming/TinyTeX/texmf-dist/tex/generic/pgf/frontendlayer/tikz/libraries/tikzlibrarytopaths.code.tex
File: tikzlibrarytopaths.code.tex 2021/05/15 v3.1.9a (3.1.9a)
))) (c:/Users/chofi/AppData/Roaming/TinyTeX/texmf-dist/tex/latex/float/float.sty
Package: float 2001/11/08 v1.3d Float enhancements (AL)
\c@float@type=\count325
\float@exts=\toks40
\float@box=\box72
\@float@everytoks=\toks41
\@floatcapt=\box73
) (c:/Users/chofi/AppData/Roaming/TinyTeX/texmf-dist/tex/latex/fancyhdr/fancyhdr.sty
Package: fancyhdr 2021/01/28 v4.0.1 Extensive control of page headers and footers
\f@nch@headwidth=\skip63
\f@nch@O@elh=\skip64
\f@nch@O@erh=\skip65
\f@nch@O@olh=\skip66
\f@nch@O@orh=\skip67
\f@nch@O@elf=\skip68
\f@nch@O@erf=\skip69
\f@nch@O@olf=\skip70
\f@nch@O@orf=\skip71
) (c:/Users/chofi/AppData/Roaming/TinyTeX/texmf-dist/tex/latex/amscls/amsthm.sty
Package: amsthm 2020/05/29 v2.20.6
\thm@style=\toks42
\thm@bodyfont=\toks43
\thm@headfont=\toks44
\thm@notefont=\toks45
\thm@headpunct=\toks46
\thm@preskip=\skip72
\thm@postskip=\skip73
\thm@headsep=\skip74
\dth@everypar=\toks47
) (c:/Users/chofi/AppData/Roaming/TinyTeX/texmf-dist/tex/latex/jknapltx/mathrsfs.sty
Package: mathrsfs 1996/01/01 Math RSFS package v1.0 (jk)
\symrsfs=\mathgroup6
) (c:/Users/chofi/AppData/Roaming/TinyTeX/texmf-dist/tex/latex/listings/listings.sty
\lst@mode=\count326
\lst@gtempboxa=\box74
\lst@token=\toks48
\lst@length=\count327
\lst@currlwidth=\dimen292
\lst@column=\count328
\lst@pos=\count329
\lst@lostspace=\dimen293
\lst@width=\dimen294
\lst@newlines=\count330
\lst@lineno=\count331
\lst@maxwidth=\dimen295
(c:/Users/chofi/AppData/Roaming/TinyTeX/texmf-dist/tex/latex/listings/lstmisc.sty
File: lstmisc.sty 2020/03/24 1.8d (Carsten Heinz)
\c@lstnumber=\count332
\lst@skipnumbers=\count333
\lst@framebox=\box75
) (c:/Users/chofi/AppData/Roaming/TinyTeX/texmf-dist/tex/latex/listings/listings.cfg
File: listings.cfg 2020/03/24 1.8d listings configuration
))
Package: listings 2020/03/24 1.8d (Carsten Heinz)
(c:/Users/chofi/AppData/Roaming/TinyTeX/texmf-dist/tex/latex/natbib/natbib.sty
Package: natbib 2010/09/13 8.31b (PWD, AO)
\bibhang=\skip75
\bibsep=\skip76
LaTeX Info: Redefining \cite on input line 694.
\c@NAT@ctr=\count334
)
\citation{montgomery2021introduction}

Package natbib Warning: Citation `montgomery2021introduction' undefined on input line 148.

\citation{conover1998practical}

Package natbib Warning: Citation `conover1998practical' undefined on input line 148.

\citation{gibbons2020nonparametric}

Package natbib Warning: Citation `gibbons2020nonparametric' undefined on input line 148.

(c:/Users/chofi/AppData/Roaming/TinyTeX/texmf-dist/tex/latex/l3backend/l3backend-pdftex.def
File: l3backend-pdftex.def 2022-02-07 L3 backend support: PDF output (pdfTeX)
\l__color_backend_stack_int=\count335
\l__pdf_internal_box=\box76
) (./_main.aux
LaTeX Info: Redefining \. on input line 26.
LaTeX Info: Redefining \% on input line 26.
)
\openout1 = `_main.aux'.

LaTeX Font Info:    Checking defaults for OML/cmm/m/it on input line 150.
LaTeX Font Info:    ... okay on input line 150.
LaTeX Font Info:    Checking defaults for OMS/cmsy/m/n on input line 150.
LaTeX Font Info:    ... okay on input line 150.
LaTeX Font Info:    Checking defaults for OT1/cmr/m/n on input line 150.
LaTeX Font Info:    ... okay on input line 150.
LaTeX Font Info:    Checking defaults for T1/cmr/m/n on input line 150.
LaTeX Font Info:    ... okay on input line 150.
LaTeX Font Info:    Checking defaults for TS1/cmr/m/n on input line 150.
LaTeX Font Info:    ... okay on input line 150.
LaTeX Font Info:    Checking defaults for OMX/cmex/m/n on input line 150.
LaTeX Font Info:    ... okay on input line 150.
LaTeX Font Info:    Checking defaults for U/cmr/m/n on input line 150.
LaTeX Font Info:    ... okay on input line 150.
LaTeX Font Info:    Checking defaults for PD1/pdf/m/n on input line 150.
LaTeX Font Info:    ... okay on input line 150.
LaTeX Font Info:    Checking defaults for PU/pdf/m/n on input line 150.
LaTeX Font Info:    ... okay on input line 150.
(c:/Users/chofi/AppData/Roaming/TinyTeX/texmf-dist/tex/latex/epstopdf-pkg/epstopdf-base.sty
Package: epstopdf-base 2020-01-24 v2.11 Base part for package epstopdf
Package epstopdf-base Info: Redefining graphics rule for `.eps' on input line 485.
(c:/Users/chofi/AppData/Roaming/TinyTeX/texmf-dist/tex/latex/latexconfig/epstopdf-sys.cfg
File: epstopdf-sys.cfg 2010/07/13 v1.3 Configuration of (r)epstopdf for TeX Live
))
Package hyperref Info: Link coloring OFF on input line 150.
(c:/Users/chofi/AppData/Roaming/TinyTeX/texmf-dist/tex/latex/hyperref/nameref.sty
Package: nameref 2021-04-02 v2.47 Cross-referencing by name of section
(c:/Users/chofi/AppData/Roaming/TinyTeX/texmf-dist/tex/latex/refcount/refcount.sty
Package: refcount 2019/12/15 v3.6 Data extraction from label references (HO)
) (c:/Users/chofi/AppData/Roaming/TinyTeX/texmf-dist/tex/generic/gettitlestring/gettitlestring.sty
Package: gettitlestring 2019/12/15 v1.6 Cleanup title references (HO)
)
\c@section@level=\count336
)
LaTeX Info: Redefining \ref on input line 150.
LaTeX Info: Redefining \pageref on input line 150.
LaTeX Info: Redefining \nameref on input line 150.
(./_main.out) (./_main.out)
\@outlinefile=\write5
\openout5 = `_main.out'.

*geometry* driver: auto-detecting
*geometry* detected driver: pdftex
*geometry* verbose mode - [ preamble ] result:
* driver: pdftex
* paper: a4paper
* layout: <same size as paper>
* layoutoffset:(h,v)=(0.0pt,0.0pt)
* modes: 
* h-part:(L,W,R)=(72.26999pt, 452.9679pt, 72.26999pt)
* v-part:(T,H,B)=(72.26999pt, 700.50687pt, 72.26999pt)
* \paperwidth=597.50787pt
* \paperheight=845.04684pt
* \textwidth=452.9679pt
* \textheight=700.50687pt
* \oddsidemargin=0.0pt
* \evensidemargin=0.0pt
* \topmargin=-30.06749pt
* \headheight=12.0pt
* \headsep=18.06749pt
* \topskip=10.0pt
* \footskip=25.29494pt
* \marginparwidth=61.0pt
* \marginparsep=7.0pt
* \columnsep=10.0pt
* \skip\footins=9.0pt plus 4.0pt minus 2.0pt
* \hoffset=0.0pt
* \voffset=0.0pt
* \mag=1000
* \@twocolumnfalse
* \@twosidefalse
* \@mparswitchfalse
* \@reversemarginfalse
* (1in=72.27pt=25.4mm, 1cm=28.453pt)

LaTeX Info: Redefining \. on input line 150.
LaTeX Info: Redefining \% on input line 150.
\c@lstlisting=\count337
LaTeX Font Info:    Trying to load font information for OT1+lmr on input line 152.
(c:/Users/chofi/AppData/Roaming/TinyTeX/texmf-dist/tex/latex/lm/ot1lmr.fd
File: ot1lmr.fd 2015/05/01 v1.6.1 Font defs for Latin Modern
)
LaTeX Font Info:    Trying to load font information for OML+lmm on input line 152.
(c:/Users/chofi/AppData/Roaming/TinyTeX/texmf-dist/tex/latex/lm/omllmm.fd
File: omllmm.fd 2015/05/01 v1.6.1 Font defs for Latin Modern
)
LaTeX Font Info:    Trying to load font information for OMS+lmsy on input line 152.
(c:/Users/chofi/AppData/Roaming/TinyTeX/texmf-dist/tex/latex/lm/omslmsy.fd
File: omslmsy.fd 2015/05/01 v1.6.1 Font defs for Latin Modern
)
LaTeX Font Info:    Trying to load font information for OMX+lmex on input line 152.
(c:/Users/chofi/AppData/Roaming/TinyTeX/texmf-dist/tex/latex/lm/omxlmex.fd
File: omxlmex.fd 2015/05/01 v1.6.1 Font defs for Latin Modern
)
LaTeX Font Info:    External font `lmex10' loaded for size
(Font)              <12> on input line 152.
LaTeX Font Info:    External font `lmex10' loaded for size
(Font)              <8> on input line 152.
LaTeX Font Info:    External font `lmex10' loaded for size
(Font)              <6> on input line 152.
LaTeX Font Info:    Trying to load font information for U+msa on input line 152.
(c:/Users/chofi/AppData/Roaming/TinyTeX/texmf-dist/tex/latex/amsfonts/umsa.fd
File: umsa.fd 2013/01/14 v3.01 AMS symbols A
)
LaTeX Font Info:    Trying to load font information for U+msb on input line 152.
(c:/Users/chofi/AppData/Roaming/TinyTeX/texmf-dist/tex/latex/amsfonts/umsb.fd
File: umsb.fd 2013/01/14 v3.01 AMS symbols B
)
LaTeX Font Info:    Trying to load font information for U+rsfs on input line 152.
(c:/Users/chofi/AppData/Roaming/TinyTeX/texmf-dist/tex/latex/jknapltx/ursfs.fd
File: ursfs.fd 1998/03/24 rsfs font definition file (jk)
) [1


{c:/Users/chofi/AppData/Roaming/TinyTeX/texmf-var/fonts/map/pdftex/updmap/pdftex.map}] (./_main.toc
LaTeX Info: Redefining \. on input line 1.
LaTeX Info: Redefining \% on input line 1.
LaTeX Font Info:    External font `lmex10' loaded for size
(Font)              <10> on input line 4.
LaTeX Font Info:    External font `lmex10' loaded for size
(Font)              <7> on input line 4.
LaTeX Font Info:    External font `lmex10' loaded for size
(Font)              <5> on input line 4.
pdfTeX warning (ext4): destination with the same identifier (name{page.1}) has been already used, duplicate ignored
<to be read again> 
                   \relax 
l.32 ...{4.6}Ejemplo en R-Studio}{31}{section.4.6}
                                                  % [1

]
LaTeX Info: Redefining \. on input line 63.
LaTeX Info: Redefining \% on input line 63.
[2]
LaTeX Info: Redefining \. on input line 99.
LaTeX Info: Redefining \% on input line 99.
[3]
LaTeX Info: Redefining \. on input line 131.
LaTeX Info: Redefining \% on input line 131.
[4])
\tf@toc=\write6
\openout6 = `_main.toc'.

LaTeX Info: Redefining \. on input line 158.
LaTeX Info: Redefining \% on input line 158.
[5] [6

]
LaTeX Info: Redefining \. on input line 233.
LaTeX Info: Redefining \% on input line 233.
[7] [8

] [9

]
Cap\'{\i }tulo 1.
[10

]
LaTeX Info: Redefining \. on input line 287.
LaTeX Info: Redefining \% on input line 287.
[11] [12

]

LaTeX Warning: Command \' invalid in math mode on input line 293.

[13

]
Cap\'{\i }tulo 2.
[14

]
LaTeX Info: Redefining \. on input line 385.
LaTeX Info: Redefining \% on input line 385.
[15]
LaTeX Info: Redefining \. on input line 439.
LaTeX Info: Redefining \% on input line 439.
[16]
LaTeX Info: Redefining \. on input line 502.
LaTeX Info: Redefining \% on input line 502.
[17]

LaTeX Warning: Command \' invalid in math mode on input line 526.

LaTeX Info: Redefining \. on input line 580.
LaTeX Info: Redefining \% on input line 580.
[18]
LaTeX Font Info:    Trying to load font information for T1+lmtt on input line 592.
(c:/Users/chofi/AppData/Roaming/TinyTeX/texmf-dist/tex/latex/lm/t1lmtt.fd
File: t1lmtt.fd 2015/05/01 v1.6.1 Font defs for Latin Modern
)
<_main_files/figure-latex/unnamed-chunk-4-1.pdf, id=959, 469.755pt x 289.08pt>
File: _main_files/figure-latex/unnamed-chunk-4-1.pdf Graphic file (type pdf)
<use _main_files/figure-latex/unnamed-chunk-4-1.pdf>
Package pdftex.def Info: _main_files/figure-latex/unnamed-chunk-4-1.pdf  used on input line 625.
(pdftex.def)             Requested size: 452.96669pt x 278.74872pt.
LaTeX Info: Redefining \. on input line 625.
LaTeX Info: Redefining \% on input line 625.
[19]
LaTeX Info: Redefining \. on input line 649.
LaTeX Info: Redefining \% on input line 649.
[20 <./_main_files/figure-latex/unnamed-chunk-4-1.pdf>]
Cap\'{\i }tulo 3.
[21

]
LaTeX Info: Redefining \. on input line 751.
LaTeX Info: Redefining \% on input line 751.
[22]
LaTeX Info: Redefining \. on input line 807.
LaTeX Info: Redefining \% on input line 807.
[23]
LaTeX Info: Redefining \. on input line 869.
LaTeX Info: Redefining \% on input line 869.
[24]

LaTeX Warning: Command \guillemotleft invalid in math mode on input line 886.


LaTeX Warning: Command \guillemotleft invalid in math mode on input line 887.

<_main_files/figure-latex/unnamed-chunk-7-1.pdf, id=1024, 469.755pt x 289.08pt>
File: _main_files/figure-latex/unnamed-chunk-7-1.pdf Graphic file (type pdf)
<use _main_files/figure-latex/unnamed-chunk-7-1.pdf>
Package pdftex.def Info: _main_files/figure-latex/unnamed-chunk-7-1.pdf  used on input line 916.
(pdftex.def)             Requested size: 452.96669pt x 278.74872pt.
LaTeX Info: Redefining \. on input line 916.
LaTeX Info: Redefining \% on input line 916.
[25]
LaTeX Info: Redefining \. on input line 968.
LaTeX Info: Redefining \% on input line 968.
[26 <./_main_files/figure-latex/unnamed-chunk-7-1.pdf>]
Cap\'{\i }tulo 4.
[27

]
LaTeX Info: Redefining \. on input line 1073.
LaTeX Info: Redefining \% on input line 1073.
[28]
LaTeX Info: Redefining \. on input line 1128.
LaTeX Info: Redefining \% on input line 1128.
[29]

LaTeX Warning: Command \' invalid in math mode on input line 1195.

LaTeX Info: Redefining \. on input line 1197.
LaTeX Info: Redefining \% on input line 1197.
[30]
<_main_files/figure-latex/unnamed-chunk-11-1.pdf, id=1087, 469.755pt x 289.08pt>
File: _main_files/figure-latex/unnamed-chunk-11-1.pdf Graphic file (type pdf)
<use _main_files/figure-latex/unnamed-chunk-11-1.pdf>
Package pdftex.def Info: _main_files/figure-latex/unnamed-chunk-11-1.pdf  used on input line 1263.
(pdftex.def)             Requested size: 452.96669pt x 278.74872pt.
LaTeX Info: Redefining \. on input line 1263.
LaTeX Info: Redefining \% on input line 1263.
[31]
LaTeX Info: Redefining \. on input line 1313.
LaTeX Info: Redefining \% on input line 1313.
[32 <./_main_files/figure-latex/unnamed-chunk-11-1.pdf>]
Cap\'{\i }tulo 5.

LaTeX Warning: Command \' invalid in math mode on input line 1327.


LaTeX Warning: Command \' invalid in math mode on input line 1327.


LaTeX Warning: Command \' invalid in math mode on input line 1329.


LaTeX Warning: Command \' invalid in math mode on input line 1329.


LaTeX Warning: Command \' invalid in math mode on input line 1348.


LaTeX Warning: Command \' invalid in math mode on input line 1348.


LaTeX Warning: Command \' invalid in math mode on input line 1350.


LaTeX Warning: Command \' invalid in math mode on input line 1350.

[33

]
LaTeX Info: Redefining \. on input line 1429.
LaTeX Info: Redefining \% on input line 1429.
[34]

LaTeX Warning: Command \' invalid in math mode on input line 1432.

LaTeX Info: Redefining \. on input line 1499.
LaTeX Info: Redefining \% on input line 1499.
[35]
<_main_files/figure-latex/unnamed-chunk-16-1.pdf, id=1138, 469.755pt x 289.08pt>
File: _main_files/figure-latex/unnamed-chunk-16-1.pdf Graphic file (type pdf)
<use _main_files/figure-latex/unnamed-chunk-16-1.pdf>
Package pdftex.def Info: _main_files/figure-latex/unnamed-chunk-16-1.pdf  used on input line 1542.
(pdftex.def)             Requested size: 452.96669pt x 278.74872pt.
LaTeX Info: Redefining \. on input line 1542.
LaTeX Info: Redefining \% on input line 1542.
[36]
LaTeX Info: Redefining \. on input line 1598.
LaTeX Info: Redefining \% on input line 1598.
[37 <./_main_files/figure-latex/unnamed-chunk-16-1.pdf>]
LaTeX Info: Redefining \. on input line 1631.
LaTeX Info: Redefining \% on input line 1631.
[38]
Cap\'{\i }tulo 6.
[39

]
LaTeX Info: Redefining \. on input line 1728.
LaTeX Info: Redefining \% on input line 1728.
[40]
LaTeX Info: Redefining \. on input line 1783.
LaTeX Info: Redefining \% on input line 1783.
[41]

LaTeX Warning: Command \' invalid in math mode on input line 1846.

LaTeX Info: Redefining \. on input line 1852.
LaTeX Info: Redefining \% on input line 1852.
[42]
<_main_files/figure-latex/unnamed-chunk-22-1.pdf, id=1206, 469.755pt x 289.08pt>
File: _main_files/figure-latex/unnamed-chunk-22-1.pdf Graphic file (type pdf)
<use _main_files/figure-latex/unnamed-chunk-22-1.pdf>
Package pdftex.def Info: _main_files/figure-latex/unnamed-chunk-22-1.pdf  used on input line 1911.
(pdftex.def)             Requested size: 452.96669pt x 278.74872pt.
LaTeX Info: Redefining \. on input line 1911.
LaTeX Info: Redefining \% on input line 1911.
[43]
LaTeX Info: Redefining \. on input line 1968.
LaTeX Info: Redefining \% on input line 1968.
[44 <./_main_files/figure-latex/unnamed-chunk-22-1.pdf>]
LaTeX Info: Redefining \. on input line 1979.
LaTeX Info: Redefining \% on input line 1979.
[45]
Cap\'{\i }tulo 7.
[46

] [47] [48] [49

] [50

]
Cap\'{\i }tulo 8.
[51

]
LaTeX Info: Redefining \. on input line 2351.
LaTeX Info: Redefining \% on input line 2351.
[52]
LaTeX Info: Redefining \. on input line 2402.
LaTeX Info: Redefining \% on input line 2402.
[53]
LaTeX Info: Redefining \. on input line 2466.
LaTeX Info: Redefining \% on input line 2466.
[54]
LaTeX Info: Redefining \. on input line 2518.
LaTeX Info: Redefining \% on input line 2518.
[55]
LaTeX Info: Redefining \. on input line 2593.
LaTeX Info: Redefining \% on input line 2593.
[56]
LaTeX Info: Redefining \. on input line 2625.
LaTeX Info: Redefining \% on input line 2625.
[57]
Cap\'{\i }tulo 9.

LaTeX Warning: Command \' invalid in math mode on input line 2658.

[58

]
LaTeX Info: Redefining \. on input line 2731.
LaTeX Info: Redefining \% on input line 2731.
[59]
Cap\'{\i }tulo 10.

LaTeX Warning: Command \' invalid in math mode on input line 2739.


LaTeX Warning: Command \' invalid in math mode on input line 2740.

[60

]

LaTeX Warning: Command \' invalid in math mode on input line 2796.


LaTeX Warning: Command \' invalid in math mode on input line 2796.

LaTeX Info: Redefining \. on input line 2828.
LaTeX Info: Redefining \% on input line 2828.
[61]
LaTeX Info: Redefining \. on input line 2883.
LaTeX Info: Redefining \% on input line 2883.
[62]
LaTeX Info: Redefining \. on input line 2971.
LaTeX Info: Redefining \% on input line 2971.
[63]
LaTeX Info: Redefining \. on input line 3019.
LaTeX Info: Redefining \% on input line 3019.
[64]
LaTeX Font Info:    Font shape `T1/lmtt/bx/n' in size <10> not available
(Font)              Font shape `T1/lmtt/b/n' tried instead on input line 3030.

LaTeX Font Warning: Font shape `T1/lmtt/bx/it' in size <10> not available
(Font)              Font shape `T1/lmtt/b/sl' tried instead on input line 3030.

LaTeX Info: Redefining \. on input line 3079.
LaTeX Info: Redefining \% on input line 3079.
[65]
LaTeX Info: Redefining \. on input line 3117.
LaTeX Info: Redefining \% on input line 3117.
[66]
Cap\'{\i }tulo 11.

LaTeX Warning: Command \' invalid in math mode on input line 3130.

[67

]

LaTeX Warning: Command \' invalid in math mode on input line 3179.

LaTeX Info: Redefining \. on input line 3213.
LaTeX Info: Redefining \% on input line 3213.
[68]
LaTeX Info: Redefining \. on input line 3261.
LaTeX Info: Redefining \% on input line 3261.
[69]
LaTeX Info: Redefining \. on input line 3312.
LaTeX Info: Redefining \% on input line 3312.
[70]
Overfull \hbox (31.14352pt too wide) detected at line 3338
[]
 []

LaTeX Info: Redefining \. on input line 3368.
LaTeX Info: Redefining \% on input line 3368.
[71]
LaTeX Info: Redefining \. on input line 3431.
LaTeX Info: Redefining \% on input line 3431.
[72]
LaTeX Info: Redefining \. on input line 3527.
LaTeX Info: Redefining \% on input line 3527.
[73]
LaTeX Info: Redefining \. on input line 3577.
LaTeX Info: Redefining \% on input line 3577.
[74]
LaTeX Info: Redefining \. on input line 3657.
LaTeX Info: Redefining \% on input line 3657.
[75]
Cap\'{\i }tulo 12.

LaTeX Warning: Command \' invalid in math mode on input line 3667.

[76

]
LaTeX Info: Redefining \. on input line 3758.
LaTeX Info: Redefining \% on input line 3758.
[77]
LaTeX Info: Redefining \. on input line 3816.
LaTeX Info: Redefining \% on input line 3816.
[78]
LaTeX Info: Redefining \. on input line 3876.
LaTeX Info: Redefining \% on input line 3876.
[79]
LaTeX Info: Redefining \. on input line 3891.
LaTeX Info: Redefining \% on input line 3891.
[80]
Cap\'{\i }tulo 13.
[81

] [82] [83] [84

] [85

]
Cap\'{\i }tulo 14.
[86

]

LaTeX Warning: Command \' invalid in math mode on input line 4220.


LaTeX Warning: Command \' invalid in math mode on input line 4220.

LaTeX Info: Redefining \. on input line 4247.
LaTeX Info: Redefining \% on input line 4247.
[87]

LaTeX Warning: Command \' invalid in math mode on input line 4251.


LaTeX Warning: Command \' invalid in math mode on input line 4251.


LaTeX Warning: Command \' invalid in math mode on input line 4278.


LaTeX Warning: Command \' invalid in math mode on input line 4278.

LaTeX Info: Redefining \. on input line 4301.
LaTeX Info: Redefining \% on input line 4301.
[88]
LaTeX Info: Redefining \. on input line 4356.
LaTeX Info: Redefining \% on input line 4356.
[89]
LaTeX Info: Redefining \. on input line 4425.
LaTeX Info: Redefining \% on input line 4425.
[90]
LaTeX Info: Redefining \. on input line 4496.
LaTeX Info: Redefining \% on input line 4496.
[91]
Cap\'{\i }tulo 15.
[92

]

LaTeX Warning: Command \' invalid in math mode on input line 4555.


LaTeX Warning: Command \' invalid in math mode on input line 4555.


LaTeX Warning: Command \' invalid in math mode on input line 4556.


LaTeX Warning: Command \' invalid in math mode on input line 4556.


LaTeX Warning: Command \' invalid in math mode on input line 4560.


LaTeX Warning: Command \' invalid in math mode on input line 4560.


LaTeX Warning: Command \' invalid in math mode on input line 4564.


LaTeX Warning: Command \' invalid in math mode on input line 4564.

LaTeX Info: Redefining \. on input line 4604.
LaTeX Info: Redefining \% on input line 4604.
[93]

LaTeX Warning: Command \' invalid in math mode on input line 4628.


LaTeX Warning: Command \' invalid in math mode on input line 4630.


LaTeX Warning: Command \' invalid in math mode on input line 4632.


LaTeX Warning: Command \' invalid in math mode on input line 4634.


LaTeX Warning: Command \' invalid in math mode on input line 4636.


LaTeX Warning: Command \' invalid in math mode on input line 4636.

LaTeX Info: Redefining \. on input line 4675.
LaTeX Info: Redefining \% on input line 4675.
[94]
LaTeX Info: Redefining \. on input line 4744.
LaTeX Info: Redefining \% on input line 4744.
[95]
LaTeX Info: Redefining \. on input line 4816.
LaTeX Info: Redefining \% on input line 4816.
[96]
Cap\'{\i }tulo 16.
LaTeX Font Info:    External font `lmex10' loaded for size
(Font)              <24.88> on input line 4816.
LaTeX Font Info:    External font `lmex10' loaded for size
(Font)              <20.74> on input line 4816.
LaTeX Font Info:    External font `lmex10' loaded for size
(Font)              <17.28> on input line 4816.
LaTeX Font Info:    External font `lmex10' loaded for size
(Font)              <14.4> on input line 4822.

LaTeX Warning: Command \' invalid in math mode on input line 4828.


LaTeX Warning: Command \' invalid in math mode on input line 4828.


LaTeX Warning: Command \' invalid in math mode on input line 4830.


LaTeX Warning: Command \' invalid in math mode on input line 4857.


LaTeX Warning: Command \' invalid in math mode on input line 4857.

[97

]
LaTeX Info: Redefining \. on input line 4914.
LaTeX Info: Redefining \% on input line 4914.
[98]

LaTeX Warning: Command \' invalid in math mode on input line 4981.

LaTeX Info: Redefining \. on input line 4991.
LaTeX Info: Redefining \% on input line 4991.
[99]
LaTeX Info: Redefining \. on input line 5071.
LaTeX Info: Redefining \% on input line 5071.
[100]
LaTeX Info: Redefining \. on input line 5120.
LaTeX Info: Redefining \% on input line 5120.
[101]
Cap\'{\i }tulo 17.

LaTeX Warning: Command \' invalid in math mode on input line 5124.


LaTeX Warning: Command \' invalid in math mode on input line 5124.

[102

]
LaTeX Info: Redefining \. on input line 5211.
LaTeX Info: Redefining \% on input line 5211.
[103]
LaTeX Info: Redefining \. on input line 5267.
LaTeX Info: Redefining \% on input line 5267.
[104]
LaTeX Font Info:    Trying to load font information for TS1+lmtt on input line 5325.
(c:/Users/chofi/AppData/Roaming/TinyTeX/texmf-dist/tex/latex/lm/ts1lmtt.fd
File: ts1lmtt.fd 2015/05/01 v1.6.1 Font defs for Latin Modern
)
LaTeX Info: Redefining \. on input line 5345.
LaTeX Info: Redefining \% on input line 5345.
[105]
LaTeX Info: Redefining \. on input line 5434.
LaTeX Info: Redefining \% on input line 5434.
[106]
LaTeX Info: Redefining \. on input line 5466.
LaTeX Info: Redefining \% on input line 5466.
[107]
Cap\'{\i }tulo 18.
[108

] [109] [110

] [111

]
Cap\'{\i }tulo 19.
[112

]

LaTeX Warning: Command \' invalid in math mode on input line 5635.

LaTeX Info: Redefining \. on input line 5700.
LaTeX Info: Redefining \% on input line 5700.
[113]

LaTeX Warning: Command \' invalid in math mode on input line 5710.

LaTeX Info: Redefining \. on input line 5767.
LaTeX Info: Redefining \% on input line 5767.
[114]
LaTeX Info: Redefining \. on input line 5849.
LaTeX Info: Redefining \% on input line 5849.
[115]
LaTeX Info: Redefining \. on input line 5859.
LaTeX Info: Redefining \% on input line 5859.
[116]
Cap\'{\i }tulo 20.
<_main_files/figure-latex/unnamed-chunk-53-1.pdf, id=1697, 469.755pt x 289.08pt>
File: _main_files/figure-latex/unnamed-chunk-53-1.pdf Graphic file (type pdf)
<use _main_files/figure-latex/unnamed-chunk-53-1.pdf>
Package pdftex.def Info: _main_files/figure-latex/unnamed-chunk-53-1.pdf  used on input line 5869.
(pdftex.def)             Requested size: 452.96669pt x 278.74872pt.
[117

]
LaTeX Info: Redefining \. on input line 5898.
LaTeX Info: Redefining \% on input line 5898.
[118 <./_main_files/figure-latex/unnamed-chunk-53-1.pdf>]
LaTeX Info: Redefining \. on input line 5950.
LaTeX Info: Redefining \% on input line 5950.
[119]
LaTeX Info: Redefining \. on input line 6014.
LaTeX Info: Redefining \% on input line 6014.
[120]
LaTeX Info: Redefining \. on input line 6096.
LaTeX Info: Redefining \% on input line 6096.
[121]
LaTeX Info: Redefining \. on input line 6172.
LaTeX Info: Redefining \% on input line 6172.
[122]
LaTeX Info: Redefining \. on input line 6243.
LaTeX Info: Redefining \% on input line 6243.
[123]
LaTeX Info: Redefining \. on input line 6266.
LaTeX Info: Redefining \% on input line 6266.
[124]
Cap\'{\i }tulo 21.

LaTeX Warning: Command \' invalid in math mode on input line 6302.

[125

]
LaTeX Info: Redefining \. on input line 6349.
LaTeX Info: Redefining \% on input line 6349.
[126]
LaTeX Info: Redefining \. on input line 6421.
LaTeX Info: Redefining \% on input line 6421.
[127]
LaTeX Info: Redefining \. on input line 6493.
LaTeX Info: Redefining \% on input line 6493.
[128]
LaTeX Info: Redefining \. on input line 6571.
LaTeX Info: Redefining \% on input line 6571.
[129]
LaTeX Info: Redefining \. on input line 6649.
LaTeX Info: Redefining \% on input line 6649.
[130]
LaTeX Info: Redefining \. on input line 6731.
LaTeX Info: Redefining \% on input line 6731.
[131]
LaTeX Info: Redefining \. on input line 6770.
LaTeX Info: Redefining \% on input line 6770.
[132]
Cap\'{\i }tulo 22.
[133

]
LaTeX Info: Redefining \. on input line 6848.
LaTeX Info: Redefining \% on input line 6848.
[134]
LaTeX Info: Redefining \. on input line 6926.
LaTeX Info: Redefining \% on input line 6926.
[135]
LaTeX Info: Redefining \. on input line 6998.
LaTeX Info: Redefining \% on input line 6998.
[136]
LaTeX Info: Redefining \. on input line 7076.
LaTeX Info: Redefining \% on input line 7076.
[137]
LaTeX Info: Redefining \. on input line 7154.
LaTeX Info: Redefining \% on input line 7154.
[138]
LaTeX Info: Redefining \. on input line 7230.
LaTeX Info: Redefining \% on input line 7230.
[139]
LaTeX Info: Redefining \. on input line 7294.
LaTeX Info: Redefining \% on input line 7294.
[140]
<_main_files/figure-latex/unnamed-chunk-64-1.pdf, id=1878, 469.755pt x 289.08pt>
File: _main_files/figure-latex/unnamed-chunk-64-1.pdf Graphic file (type pdf)
<use _main_files/figure-latex/unnamed-chunk-64-1.pdf>
Package pdftex.def Info: _main_files/figure-latex/unnamed-chunk-64-1.pdf  used on input line 7330.
(pdftex.def)             Requested size: 452.96669pt x 278.74872pt.
LaTeX Info: Redefining \. on input line 7346.
LaTeX Info: Redefining \% on input line 7346.
[141 <./_main_files/figure-latex/unnamed-chunk-64-1.pdf>]
LaTeX Info: Redefining \. on input line 7351.
LaTeX Info: Redefining \% on input line 7351.
[142]
Cap\'{\i }tulo 23.
[143

]
LaTeX Info: Redefining \. on input line 7461.
LaTeX Info: Redefining \% on input line 7461.
[144]
LaTeX Info: Redefining \. on input line 7551.
LaTeX Info: Redefining \% on input line 7551.
[145]
LaTeX Info: Redefining \. on input line 7625.
LaTeX Info: Redefining \% on input line 7625.
[146]
LaTeX Info: Redefining \. on input line 7703.
LaTeX Info: Redefining \% on input line 7703.
[147]
LaTeX Info: Redefining \. on input line 7781.
LaTeX Info: Redefining \% on input line 7781.
[148]
LaTeX Info: Redefining \. on input line 7858.
LaTeX Info: Redefining \% on input line 7858.
[149]
LaTeX Info: Redefining \. on input line 7904.
LaTeX Info: Redefining \% on input line 7904.
[150]
Cap\'{\i }tulo 24.
[151

]
LaTeX Info: Redefining \. on input line 8017.
LaTeX Info: Redefining \% on input line 8017.
[152]
LaTeX Info: Redefining \. on input line 8094.
LaTeX Info: Redefining \% on input line 8094.
[153]
LaTeX Info: Redefining \. on input line 8172.
LaTeX Info: Redefining \% on input line 8172.
[154]
LaTeX Info: Redefining \. on input line 8250.
LaTeX Info: Redefining \% on input line 8250.
[155]
LaTeX Info: Redefining \. on input line 8330.
LaTeX Info: Redefining \% on input line 8330.
[156]
LaTeX Info: Redefining \. on input line 8369.
LaTeX Info: Redefining \% on input line 8369.
[157]
Cap\'{\i }tulo 25.
[158

] [159]
Cap\'{\i }tulo 26.
[160

] (./_main.bbl [161])

Package natbib Warning: There were undefined citations.

[162

] (./_main.aux
LaTeX Info: Redefining \. on input line 26.
LaTeX Info: Redefining \% on input line 26.
)
Package rerunfilecheck Info: File `_main.out' has not changed.
(rerunfilecheck)             Checksum: B7089D6E0C27EC4637EE9416FB49B0CC;20631.
 ) 
Here is how much of TeX's memory you used:
 26296 strings out of 480220
 477444 string characters out of 5893336
 747972 words of memory out of 5000000
 43054 multiletter control sequences out of 15000+600000
 591738 words of font info for 120 fonts, out of 8000000 for 9000
 14 hyphenation exceptions out of 8191
 84i,8n,80p,1151b,653s stack positions out of 5000i,500n,10000p,200000b,80000s
{c:/Users/chofi/AppData/Roaming/TinyTeX/texmf-dist/fonts/enc/dvips/lm/lm-ts1.enc}{c:/Users/chofi/AppData/Roaming/TinyTeX/texmf-dist/fonts/enc/dvips/lm/lm-mathit.enc}{c:/Users/chofi/AppData/Roaming/TinyTeX/texmf-dist/fonts/enc/dvips/lm/lm-ec.enc}{c:/Users/chofi/AppData/Roaming/TinyTeX/texmf-dist/fonts/enc/dvips/lm/lm-rm.enc}{c:/Users/chofi/AppData/Roaming/TinyTeX/texmf-dist/fonts/enc/dvips/lm/lm-mathsy.enc}{c:/Users/chofi/AppData/Roaming/TinyTeX/texmf-dist/fonts/enc/dvips/lm/lm-mathex.enc}<c:/Users/chofi/AppData/Roaming/TinyTeX/texmf-dist/fonts/type1/public/lm/lmbx10.pfb><c:/Users/chofi/AppData/Roaming/TinyTeX/texmf-dist/fonts/type1/public/lm/lmbx12.pfb><c:/Users/chofi/AppData/Roaming/TinyTeX/texmf-dist/fonts/type1/public/lm/lmex10.pfb><c:/Users/chofi/AppData/Roaming/TinyTeX/texmf-dist/fonts/type1/public/lm/lmmi10.pfb><c:/Users/chofi/AppData/Roaming/TinyTeX/texmf-dist/fonts/type1/public/lm/lmmi12.pfb><c:/Users/chofi/AppData/Roaming/TinyTeX/texmf-dist/fonts/type1/public/lm/lmmi5.pfb><c:/Users/chofi/AppData/Roaming/TinyTeX/texmf-dist/fonts/type1/public/lm/lmmi6.pfb><c:/Users/chofi/AppData/Roaming/TinyTeX/texmf-dist/fonts/type1/public/lm/lmmi7.pfb><c:/Users/chofi/AppData/Roaming/TinyTeX/texmf-dist/fonts/type1/public/lm/lmmi8.pfb><c:/Users/chofi/AppData/Roaming/TinyTeX/texmf-dist/fonts/type1/public/lm/lmr10.pfb><c:/Users/chofi/AppData/Roaming/TinyTeX/texmf-dist/fonts/type1/public/lm/lmr12.pfb><c:/Users/chofi/AppData/Roaming/TinyTeX/texmf-dist/fonts/type1/public/lm/lmr17.pfb><c:/Users/chofi/AppData/Roaming/TinyTeX/texmf-dist/fonts/type1/public/lm/lmr5.pfb><c:/Users/chofi/AppData/Roaming/TinyTeX/texmf-dist/fonts/type1/public/lm/lmr6.pfb><c:/Users/chofi/AppData/Roaming/TinyTeX/texmf-dist/fonts/type1/public/lm/lmr7.pfb><c:/Users/chofi/AppData/Roaming/TinyTeX/texmf-dist/fonts/type1/public/lm/lmr8.pfb><c:/Users/chofi/AppData/Roaming/TinyTeX/texmf-dist/fonts/type1/public/lm/lmri10.pfb><c:/Users/chofi/AppData/Roaming/TinyTeX/texmf-dist/fonts/type1/public/lm/lmro10.pfb><c:/Users/chofi/AppData/Roaming/TinyTeX/texmf-dist/fonts/type1/public/lm/lmsy10.pfb><c:/Users/chofi/AppData/Roaming/TinyTeX/texmf-dist/fonts/type1/public/lm/lmsy5.pfb><c:/Users/chofi/AppData/Roaming/TinyTeX/texmf-dist/fonts/type1/public/lm/lmsy7.pfb><c:/Users/chofi/AppData/Roaming/TinyTeX/texmf-dist/fonts/type1/public/lm/lmtk10.pfb><c:/Users/chofi/AppData/Roaming/TinyTeX/texmf-dist/fonts/type1/public/lm/lmtko10.pfb><c:/Users/chofi/AppData/Roaming/TinyTeX/texmf-dist/fonts/type1/public/lm/lmtt10.pfb><c:/Users/chofi/AppData/Roaming/TinyTeX/texmf-dist/fonts/type1/public/lm/lmtti10.pfb><c:/Users/chofi/AppData/Roaming/TinyTeX/texmf-dist/fonts/type1/public/amsfonts/symbols/msam10.pfb><c:/Users/chofi/AppData/Roaming/TinyTeX/texmf-dist/fonts/type1/public/amsfonts/symbols/msbm10.pfb>
Output written on _main.pdf (163 pages, 993564 bytes).
PDF statistics:
 2303 PDF objects out of 2487 (max. 8388607)
 2024 compressed objects within 21 object streams
 710 named destinations out of 1000 (max. 500000)
 1304 words of extra memory for PDF output out of 10000 (max. 10000000)

